[2013-06-08 13:47:41.116] [INFO] /node_modules/pomelo/lib/application.js - application inited: "master-server-1"
[2013-06-08 13:47:41.669] [INFO] console - info: 'socket.io started'
[2013-06-08 13:47:41.672] [INFO] [default] - Executing /home/sqrh/.nvm/v0.8.23/bin/node /home/sqrh/proj/wmserver/game-server/app.js,env=development,id=connector-server-1,host=127.0.0.1,port=4050,clientPort=3050,frontend=true,serverType=connector locally
[2013-06-08 13:47:41.680] [INFO] [default] - Executing /home/sqrh/.nvm/v0.8.23/bin/node /home/sqrh/proj/wmserver/game-server/app.js,env=development,id=chat-server-1,host=127.0.0.1,port=6050,serverType=chat locally
[2013-06-08 13:47:41.691] [INFO] [default] - Executing /home/sqrh/.nvm/v0.8.23/bin/node /home/sqrh/proj/wmserver/game-server/app.js,env=development,id=chat-server-2,host=127.0.0.1,port=6051,serverType=chat locally
[2013-06-08 13:47:41.697] [INFO] [default] - Executing /home/sqrh/.nvm/v0.8.23/bin/node /home/sqrh/proj/wmserver/game-server/app.js,env=development,id=chat-server-3,host=127.0.0.1,port=6052,serverType=chat locally
[2013-06-08 13:47:41.707] [INFO] [default] - Executing /home/sqrh/.nvm/v0.8.23/bin/node /home/sqrh/proj/wmserver/game-server/app.js,env=development,id=gate-server-1,host=127.0.0.1,clientPort=3014,frontend=true,serverType=gate locally
[2013-06-08 13:47:41.718] [INFO] [default] - Executing /home/sqrh/.nvm/v0.8.23/bin/node /home/sqrh/proj/wmserver/game-server/app.js,env=development,id=auth-server-1,host=127.0.0.1,port=6888,serverType=auth locally
[2013-06-08 13:47:41.728] [INFO] /node_modules/pomelo/node_modules/pomelo-admin/lib/consoleService.js - try to connect master: "master", "127.0.0.1", 3005
[2013-06-08 13:47:42.609] [INFO] /node_modules/pomelo/lib/application.js - "master-server-1" enter after start...
[2013-06-08 13:47:42.622] [INFO] /node_modules/pomelo/lib/application.js - "master-server-1" finish start
[2013-06-08 13:47:42.888] [INFO] [default] - [32m[2013-06-08 13:47:42.811] [INFO] /node_modules/pomelo/lib/application.js - [39mapplication inited: "connector-server-1"

[2013-06-08 13:47:42.942] [INFO] [default] - [32m[2013-06-08 13:47:42.886] [INFO] /node_modules/pomelo/lib/application.js - [39mapplication inited: "chat-server-1"

[2013-06-08 13:47:42.954] [INFO] [default] - [32m[2013-06-08 13:47:42.875] [INFO] /node_modules/pomelo/lib/application.js - [39mapplication inited: "chat-server-3"

[2013-06-08 13:47:42.962] [INFO] [default] - [32m[2013-06-08 13:47:42.886] [INFO] /node_modules/pomelo/lib/application.js - [39mapplication inited: "chat-server-2"

[2013-06-08 13:47:42.973] [INFO] [default] - [32m[2013-06-08 13:47:42.897] [INFO] /node_modules/pomelo/lib/application.js - [39mapplication inited: "auth-server-1"

[2013-06-08 13:47:43.025] [INFO] [default] - [32m[2013-06-08 13:47:42.928] [INFO] /node_modules/pomelo/lib/application.js - [39mapplication inited: "gate-server-1"

[2013-06-08 13:47:46.724] [INFO] [default] - [32m[2013-06-08 13:47:46.707] [INFO] console - [39minfo: 'socket.io started'

[2013-06-08 13:47:46.930] [INFO] [default] - [32m[2013-06-08 13:47:46.923] [INFO] /node_modules/pomelo/node_modules/pomelo-admin/lib/consoleService.js - [39mtry to connect master: "chat", "127.0.0.1", 3005

[2013-06-08 13:47:46.972] [INFO] [default] - [32m[2013-06-08 13:47:46.963] [INFO] console - [39minfo: 'socket.io started'

[2013-06-08 13:47:46.986] [INFO] [default] - [32m[2013-06-08 13:47:46.983] [INFO] console - [39minfo: 'socket.io started'

[2013-06-08 13:47:46.999] [INFO] [default] - [32m[2013-06-08 13:47:46.991] [INFO] console - [39minfo: 'socket.io started'

[2013-06-08 13:47:47.072] [INFO] [default] - [32m[2013-06-08 13:47:47.071] [INFO] /node_modules/pomelo/node_modules/pomelo-admin/lib/consoleService.js - [39mtry to connect master: "chat", "127.0.0.1", 3005

[2013-06-08 13:47:47.106] [INFO] [default] - [32m[2013-06-08 13:47:47.105] [INFO] /node_modules/pomelo/node_modules/pomelo-admin/lib/consoleService.js - [39mtry to connect master: "chat", "127.0.0.1", 3005

[2013-06-08 13:47:47.112] [INFO] [default] - [32m[2013-06-08 13:47:47.112] [INFO] /node_modules/pomelo/node_modules/pomelo-admin/lib/consoleService.js - [39mtry to connect master: "auth", "127.0.0.1", 3005

[2013-06-08 13:47:47.377] [INFO] [default] - [32m[2013-06-08 13:47:47.377] [INFO] /node_modules/pomelo/lib/application.js - [39m"chat-server-3" enter after start...

[2013-06-08 13:47:47.378] [INFO] [default] - [32m[2013-06-08 13:47:47.378] [INFO] /node_modules/pomelo/lib/application.js - [39m"chat-server-3" finish start

[2013-06-08 13:47:47.605] [INFO] [default] - [32m[2013-06-08 13:47:47.593] [INFO] console - [39minfo: 'socket.io started'

[2013-06-08 13:47:47.803] [INFO] [default] - [32m[2013-06-08 13:47:47.802] [INFO] /node_modules/pomelo/node_modules/pomelo-admin/lib/consoleService.js - [39mtry to connect master: "gate", "127.0.0.1", 3005

[2013-06-08 13:47:47.950] [INFO] [default] - [32m[2013-06-08 13:47:47.950] [INFO] /node_modules/pomelo/lib/application.js - [39m"chat-server-1" enter after start...

[2013-06-08 13:47:47.969] [INFO] [default] - [32m[2013-06-08 13:47:47.955] [INFO] /node_modules/pomelo/lib/application.js - [39m"chat-server-2" enter after start...

[2013-06-08 13:47:47.995] [INFO] [default] - [32m[2013-06-08 13:47:47.994] [INFO] /node_modules/pomelo/lib/application.js - [39m"auth-server-1" enter after start...

[2013-06-08 13:47:48.055] [INFO] [default] - [32m[2013-06-08 13:47:48.046] [INFO] /node_modules/pomelo/node_modules/pomelo-admin/lib/consoleService.js - [39mtry to connect master: "connector", "127.0.0.1", 3005

[2013-06-08 13:47:48.083] [INFO] [default] - [32m[2013-06-08 13:47:48.082] [INFO] /node_modules/pomelo/lib/application.js - [39m"chat-server-1" finish start

[2013-06-08 13:47:48.091] [INFO] [default] - [32m[2013-06-08 13:47:48.090] [INFO] /node_modules/pomelo/lib/application.js - [39m"chat-server-2" finish start

[2013-06-08 13:47:48.131] [INFO] [default] - [32m[2013-06-08 13:47:48.130] [INFO] /node_modules/pomelo/lib/application.js - [39m"auth-server-1" finish start

[2013-06-08 13:47:48.335] [INFO] [default] - [32m[2013-06-08 13:47:48.331] [INFO] /node_modules/pomelo/lib/application.js - [39m"gate-server-1" enter after start...

[2013-06-08 13:47:48.410] [INFO] [default] - [32m[2013-06-08 13:47:48.404] [INFO] /node_modules/pomelo/lib/application.js - [39m"connector-server-1" enter after start...

[2013-06-08 13:47:48.416] [INFO] [default] - [32m[2013-06-08 13:47:48.416] [INFO] console - [39minfo: 'socket.io started'

[2013-06-08 13:47:48.419] [INFO] [default] - [32m[2013-06-08 13:47:48.419] [INFO] /node_modules/pomelo/lib/application.js - [39m"connector-server-1" finish start

[2013-06-08 13:47:48.426] [INFO] [default] - [32m[2013-06-08 13:47:48.426] [INFO] console - [39minfo: 'socket.io started'

[2013-06-08 13:47:48.432] [INFO] [default] - [32m[2013-06-08 13:47:48.431] [INFO] /node_modules/pomelo/lib/application.js - [39m"gate-server-1" finish start

[2013-06-08 14:10:19.100] [INFO] /node_modules/pomelo/lib/application.js - application inited: "master-server-1"
[2013-06-08 14:10:20.649] [INFO] console - info: 'socket.io started'
[2013-06-08 14:10:20.654] [INFO] [default] - Executing /home/sqrh/.nvm/v0.8.23/bin/node /home/sqrh/proj/wmserver/game-server/app.js,env=development,id=connector-server-1,host=127.0.0.1,port=4050,clientPort=10000,frontend=true,serverType=connector locally
[2013-06-08 14:10:20.668] [INFO] [default] - Executing /home/sqrh/.nvm/v0.8.23/bin/node /home/sqrh/proj/wmserver/game-server/app.js,env=development,id=chat-server-1,host=127.0.0.1,port=6050,serverType=chat locally
[2013-06-08 14:10:20.674] [INFO] [default] - Executing /home/sqrh/.nvm/v0.8.23/bin/node /home/sqrh/proj/wmserver/game-server/app.js,env=development,id=gate-server-1,host=127.0.0.1,clientPort=3014,frontend=true,serverType=gate locally
[2013-06-08 14:10:20.694] [INFO] [default] - Executing /home/sqrh/.nvm/v0.8.23/bin/node /home/sqrh/proj/wmserver/game-server/app.js,env=development,id=auth-server-1,host=127.0.0.1,port=6888,serverType=auth locally
[2013-06-08 14:10:20.703] [INFO] /node_modules/pomelo/node_modules/pomelo-admin/lib/consoleService.js - try to connect master: "master", "127.0.0.1", 3005
[2013-06-08 14:10:21.316] [INFO] /node_modules/pomelo/lib/application.js - "master-server-1" enter after start...
[2013-06-08 14:10:21.321] [INFO] /node_modules/pomelo/lib/application.js - "master-server-1" finish start
[2013-06-08 14:10:21.463] [INFO] [default] - [32m[2013-06-08 14:10:21.420] [INFO] /node_modules/pomelo/lib/application.js - [39mapplication inited: "chat-server-1"

[2013-06-08 14:10:21.486] [INFO] [default] - [32m[2013-06-08 14:10:21.442] [INFO] /node_modules/pomelo/lib/application.js - [39mapplication inited: "connector-server-1"

[2013-06-08 14:10:21.517] [INFO] [default] - [32m[2013-06-08 14:10:21.479] [INFO] /node_modules/pomelo/lib/application.js - [39mapplication inited: "auth-server-1"

[2013-06-08 14:10:21.521] [INFO] [default] - [32m[2013-06-08 14:10:21.485] [INFO] /node_modules/pomelo/lib/application.js - [39mapplication inited: "gate-server-1"

[2013-06-08 14:10:23.846] [INFO] [default] - [32m[2013-06-08 14:10:23.845] [INFO] console - [39minfo: 'socket.io started'

[2013-06-08 14:10:23.856] [INFO] [default] - [32m[2013-06-08 14:10:23.855] [INFO] console - [39minfo: 'socket.io started'

[2013-06-08 14:10:23.937] [INFO] [default] - [32m[2013-06-08 14:10:23.935] [INFO] /node_modules/pomelo/node_modules/pomelo-admin/lib/consoleService.js - [39mtry to connect master: "chat", "127.0.0.1", 3005

[2013-06-08 14:10:23.969] [INFO] [default] - [32m[2013-06-08 14:10:23.965] [INFO] /node_modules/pomelo/node_modules/pomelo-admin/lib/consoleService.js - [39mtry to connect master: "gate", "127.0.0.1", 3005

[2013-06-08 14:10:24.059] [INFO] [default] - [32m[2013-06-08 14:10:24.058] [INFO] console - [39minfo: 'socket.io started'

[2013-06-08 14:10:24.158] [INFO] [default] - [32m[2013-06-08 14:10:24.150] [INFO] /node_modules/pomelo/node_modules/pomelo-admin/lib/consoleService.js - [39mtry to connect master: "connector", "127.0.0.1", 3005

[2013-06-08 14:10:24.218] [INFO] [default] - [32m[2013-06-08 14:10:24.217] [INFO] /node_modules/pomelo/lib/application.js - [39m"chat-server-1" enter after start...

[2013-06-08 14:10:24.219] [INFO] [default] - [32m[2013-06-08 14:10:24.219] [INFO] /node_modules/pomelo/lib/application.js - [39m"chat-server-1" finish start

[2013-06-08 14:10:24.353] [INFO] [default] - [32m[2013-06-08 14:10:24.345] [INFO] /node_modules/pomelo/lib/application.js - [39m"gate-server-1" enter after start...

[2013-06-08 14:10:24.410] [INFO] [default] - [32m[2013-06-08 14:10:24.409] [INFO] /node_modules/pomelo/lib/application.js - [39m"connector-server-1" enter after start...

[2013-06-08 14:10:24.421] [INFO] [default] - [32m[2013-06-08 14:10:24.421] [INFO] console - [39minfo: 'socket.io started'

[2013-06-08 14:10:24.441] [INFO] [default] - [32m[2013-06-08 14:10:24.440] [INFO] /node_modules/pomelo/lib/application.js - [39m"gate-server-1" finish start

[2013-06-08 14:10:24.476] [INFO] [default] - [32m[2013-06-08 14:10:24.475] [INFO] console - [39minfo: 'socket.io started'

[2013-06-08 14:10:24.480] [INFO] [default] - [32m[2013-06-08 14:10:24.479] [INFO] /node_modules/pomelo/lib/application.js - [39m"connector-server-1" finish start

[2013-06-08 14:10:25.423] [INFO] [default] - [32m[2013-06-08 14:10:25.416] [INFO] /node_modules/pomelo/node_modules/pomelo-admin/lib/consoleService.js - [39mtry to connect master: "auth", "127.0.0.1", 3005

[2013-06-08 14:10:25.542] [INFO] [default] - [32m[2013-06-08 14:10:25.540] [INFO] /node_modules/pomelo/lib/application.js - [39m"auth-server-1" enter after start...

[2013-06-08 14:10:25.547] [INFO] [default] - [32m[2013-06-08 14:10:25.546] [INFO] /node_modules/pomelo/lib/application.js - [39m"auth-server-1" finish start

